\BOOKMARK [1][-]{section.1}{Introduction}{}% 1
\BOOKMARK [2][-]{subsection.1.1}{System Description}{section.1}% 2
\BOOKMARK [2][-]{subsection.1.2}{Overview}{section.1}% 3
\BOOKMARK [2][-]{subsection.1.3}{Naming Conventions \046 Definitions}{section.1}% 4
\BOOKMARK [3][-]{subsubsection.1.3.1}{Definitions}{subsection.1.3}% 5
\BOOKMARK [3][-]{subsubsection.1.3.2}{Acronyms \046 Abbreviations}{subsection.1.3}% 6
\BOOKMARK [1][-]{section.2}{Mechanical System}{}% 7
\BOOKMARK [2][-]{subsection.2.1}{X-Rails}{section.2}% 8
\BOOKMARK [2][-]{subsection.2.2}{Metal X Rail}{section.2}% 9
\BOOKMARK [2][-]{subsection.2.3}{NEMA 23 Motor Holder}{section.2}% 10
\BOOKMARK [2][-]{subsection.2.4}{X Rail Pulley Holder - Rail Attachment}{section.2}% 11
\BOOKMARK [2][-]{subsection.2.5}{X Rail Pulley Holder - Pulley Attachment}{section.2}% 12
\BOOKMARK [2][-]{subsection.2.6}{Table-Rail Rod Connections}{section.2}% 13
\BOOKMARK [2][-]{subsection.2.7}{Timing Belt}{section.2}% 14
\BOOKMARK [2][-]{subsection.2.8}{Supporting Wood}{section.2}% 15
\BOOKMARK [2][-]{subsection.2.9}{Y-Rails}{section.2}% 16
\BOOKMARK [2][-]{subsection.2.10}{Bolt Connections to Y Rail}{section.2}% 17
\BOOKMARK [2][-]{subsection.2.11}{Camera Mount}{section.2}% 18
\BOOKMARK [2][-]{subsection.2.12}{Arm}{section.2}% 19
\BOOKMARK [2][-]{subsection.2.13}{Bracket Connectors to Y Rail}{section.2}% 20
\BOOKMARK [2][-]{subsection.2.14}{Timing Belt Holder - X Rail}{section.2}% 21
\BOOKMARK [2][-]{subsection.2.15}{Arm Bolts}{section.2}% 22
\BOOKMARK [2][-]{subsection.2.16}{Arm Base}{section.2}% 23
\BOOKMARK [2][-]{subsection.2.17}{X Rail Wheels}{section.2}% 24
\BOOKMARK [2][-]{subsection.2.18}{End-Effector}{section.2}% 25
\BOOKMARK [2][-]{subsection.2.19}{Piston Hinge Connector \(P1\)}{section.2}% 26
\BOOKMARK [2][-]{subsection.2.20}{Major Hinge Connector \(P2\)}{section.2}% 27
\BOOKMARK [2][-]{subsection.2.21}{Striker \(P3\)}{section.2}% 28
\BOOKMARK [2][-]{subsection.2.22}{Piston Hinge \(H\)}{section.2}% 29
\BOOKMARK [2][-]{subsection.2.23}{Nuts, Bolts and Washers \(NBW\)}{section.2}% 30
\BOOKMARK [2][-]{subsection.2.24}{End-Effector Arm}{section.2}% 31
\BOOKMARK [2][-]{subsection.2.25}{End-Effector Base}{section.2}% 32
\BOOKMARK [2][-]{subsection.2.26}{Pneumatic system}{section.2}% 33
\BOOKMARK [2][-]{subsection.2.27}{Compressor}{section.2}% 34
\BOOKMARK [2][-]{subsection.2.28}{Regulator}{section.2}% 35
\BOOKMARK [2][-]{subsection.2.29}{Solenoid Valve \(5 way 2 position\)}{section.2}% 36
\BOOKMARK [2][-]{subsection.2.30}{Pneumatic Piston}{section.2}% 37
\BOOKMARK [2][-]{subsection.2.31}{Piston Fittings}{section.2}% 38
\BOOKMARK [2][-]{subsection.2.32}{Tubing}{section.2}% 39
\BOOKMARK [2][-]{subsection.2.33}{General Fittings}{section.2}% 40
\BOOKMARK [1][-]{section.3}{Electromechanical System}{}% 41
\BOOKMARK [2][-]{subsection.3.1}{X-Rail Motors}{section.3}% 42
\BOOKMARK [2][-]{subsection.3.2}{Y-Rail Motor}{section.3}% 43
\BOOKMARK [2][-]{subsection.3.3}{Rotational Motor}{section.3}% 44
\BOOKMARK [2][-]{subsection.3.4}{End-Effector Actuator}{section.3}% 45
\BOOKMARK [1][-]{section.4}{Electrical System}{}% 46
\BOOKMARK [2][-]{subsection.4.1}{Context Diagram}{section.4}% 47
\BOOKMARK [2][-]{subsection.4.2}{List of Electrical Components}{section.4}% 48
\BOOKMARK [2][-]{subsection.4.3}{Subsystems}{section.4}% 49
\BOOKMARK [3][-]{subsubsection.4.3.1}{Push Buttons}{subsection.4.3}% 50
\BOOKMARK [3][-]{subsubsection.4.3.2}{Colour Changing LED}{subsection.4.3}% 51
\BOOKMARK [3][-]{subsubsection.4.3.3}{Power Supply to Arduino and RAMPS 1.4}{subsection.4.3}% 52
\BOOKMARK [3][-]{subsubsection.4.3.4}{Motors and Motor Drivers}{subsection.4.3}% 53
\BOOKMARK [3][-]{subsubsection.4.3.5}{Endstops}{subsection.4.3}% 54
\BOOKMARK [3][-]{subsubsection.4.3.6}{Pneumatic Piston}{subsection.4.3}% 55
\BOOKMARK [3][-]{subsubsection.4.3.7}{Infrared Sensors}{subsection.4.3}% 56
