\BOOKMARK [1][-]{section.1}{General Information}{}% 1
\BOOKMARK [2][-]{subsection.1.1}{Summary}{section.1}% 2
\BOOKMARK [2][-]{subsection.1.2}{Environment \046 Pretest Background}{section.1}% 3
\BOOKMARK [2][-]{subsection.1.3}{Test Objectives}{section.1}% 4
\BOOKMARK [2][-]{subsection.1.4}{Expected Defect Rates}{section.1}% 5
\BOOKMARK [2][-]{subsection.1.5}{References}{section.1}% 6
\BOOKMARK [1][-]{section.2}{Plan}{}% 7
\BOOKMARK [2][-]{subsection.2.1}{Software Description}{section.2}% 8
\BOOKMARK [2][-]{subsection.2.2}{Test Team}{section.2}% 9
\BOOKMARK [2][-]{subsection.2.3}{Milestones}{section.2}% 10
\BOOKMARK [2][-]{subsection.2.4}{Budgets}{section.2}% 11
\BOOKMARK [2][-]{subsection.2.5}{Testing: Checkpoint 1}{section.2}% 12
\BOOKMARK [3][-]{subsubsection.2.5.1}{Schedule \046 Budget}{subsection.2.5}% 13
\BOOKMARK [3][-]{subsubsection.2.5.2}{Requirements}{subsection.2.5}% 14
\BOOKMARK [3][-]{subsubsection.2.5.3}{Testing Materials}{subsection.2.5}% 15
\BOOKMARK [3][-]{subsubsection.2.5.4}{Test Training}{subsection.2.5}% 16
\BOOKMARK [3][-]{subsubsection.2.5.5}{Tests to be Conducted}{subsection.2.5}% 17
\BOOKMARK [1][-]{section.3}{Specifications \046 Evaluation}{}% 18
\BOOKMARK [2][-]{subsection.3.1}{Specifications}{section.3}% 19
\BOOKMARK [3][-]{subsubsection.3.1.1}{Business Functions}{subsection.3.1}% 20
\BOOKMARK [3][-]{subsubsection.3.1.2}{Structural Functions}{subsection.3.1}% 21
\BOOKMARK [3][-]{subsubsection.3.1.3}{Test/Function Relationships}{subsection.3.1}% 22
\BOOKMARK [3][-]{subsubsection.3.1.4}{Test Progression}{subsection.3.1}% 23
\BOOKMARK [2][-]{subsection.3.2}{Methods \046 Constraints}{section.3}% 24
\BOOKMARK [3][-]{subsubsection.3.2.1}{Methodology}{subsection.3.2}% 25
\BOOKMARK [3][-]{subsubsection.3.2.2}{Test Tools}{subsection.3.2}% 26
\BOOKMARK [3][-]{subsubsection.3.2.3}{Extent}{subsection.3.2}% 27
\BOOKMARK [3][-]{subsubsection.3.2.4}{Data Recording}{subsection.3.2}% 28
\BOOKMARK [3][-]{subsubsection.3.2.5}{Constraints}{subsection.3.2}% 29
\BOOKMARK [2][-]{subsection.3.3}{Evaluation}{section.3}% 30
\BOOKMARK [3][-]{subsubsection.3.3.1}{Criteria}{subsection.3.3}% 31
\BOOKMARK [3][-]{subsubsection.3.3.2}{Data Reduction}{subsection.3.3}% 32
\BOOKMARK [1][-]{section.4}{Test Descriptors}{}% 33
